Added Component: Designator=J?(8_PIN_ARDUINO_100MIL)
Add component (AddParameter): Name = "Digikey Link"; Value = "https://www.digikey.com/product-detail/en/PPTC081LFBN-RC/S7006-ND/810147/?itemSeq=304982354"; VariantName = "[No Variations]"
Add component (AddParameter): Name = "Digikey Part"; Value = "S7006-ND"; VariantName = "[No Variations]"
Add component (AddParameter): Name = "LCSC Part#"; Value = "C27438"; VariantName = "[No Variations]"
Add component (AddParameter): Name = "Type"; Value = "Extended"; VariantName = "[No Variations]"
Add component (AddParameter): Name = "Value"; Value = "Female"; VariantName = "[No Variations]"
Added Pin To Net: NetName=GND Pin=C1-1
Added Pin To Net: NetName=+5v Pin=C1-2
Added Pin To Net: NetName=NetC2_1 Pin=C2-1
Added Pin To Net: NetName=Reset Pin=C2-2
Added Pin To Net: NetName=GND Pin=C3-1
Added Pin To Net: NetName=+5v Pin=C3-2
Added Pin To Net: NetName=GND Pin=C4-1
Added Pin To Net: NetName=NetC4_2 Pin=C4-2
Added Pin To Net: NetName=GND Pin=C5-1
Added Pin To Net: NetName=NetC5_2 Pin=C5-2
Added Pin To Net: NetName=GND Pin=C6-1
Added Pin To Net: NetName=XO_CH340G Pin=C6-2
Added Pin To Net: NetName=GND Pin=C7-1
Added Pin To Net: NetName=XI_CH340G Pin=C7-2
Added Pin To Net: NetName=AREF Pin=C8-1
Added Pin To Net: NetName=GND Pin=C8-2
Added Pin To Net: NetName=GND Pin=C9-1
Added Pin To Net: NetName=NetC9_2 Pin=C9-2
Added Pin To Net: NetName=GND Pin=C10-1
Added Pin To Net: NetName=+5v Pin=C10-2
Added Pin To Net: NetName=GND Pin=C11-1
Added Pin To Net: NetName=XTAL2_328P Pin=C11-2
Added Pin To Net: NetName=GND Pin=C12-1
Added Pin To Net: NetName=XTAL1_328P Pin=C12-2
Added Pin To Net: NetName=GND Pin=C13-1
Added Pin To Net: NetName=Reset Pin=C13-2
Added Pin To Net: NetName=USB_D+ Pin=D1-1
Added Pin To Net: NetName=GND Pin=D1-2
Added Pin To Net: NetName=USB_D- Pin=D1-3
Added Pin To Net: NetName=+5v Pin=D1-5
Added Pin To Net: NetName=NetC9_2 Pin=FB1-1
Added Pin To Net: NetName=+5v Pin=FB1-2
Added Pin To Net: NetName=NetJ1_1 Pin=J1-1
Added Pin To Net: NetName=+5v Pin=J1-2
Added Pin To Net: NetName=NetJ2_1 Pin=J2-1
Added Pin To Net: NetName=USB_D- Pin=J2-2
Added Pin To Net: NetName=USB_D+ Pin=J2-3
Added Pin To Net: NetName=GND Pin=J2-5
Added Pin To Net: NetName=GND Pin=J2-6
Added Pin To Net: NetName=GND Pin=J2-7
Added Pin To Net: NetName=GND Pin=J2-8
Added Pin To Net: NetName=GND Pin=J2-9
Added Pin To Net: NetName=GND Pin=J3-1
Added Pin To Net: NetName=GND Pin=J3-2
Added Pin To Net: NetName=GND Pin=J3-3
Added Pin To Net: NetName=GND Pin=J3-4
Added Pin To Net: NetName=GND Pin=J3-5
Added Pin To Net: NetName=GND Pin=J3-6
Added Pin To Net: NetName=GND Pin=J4-1
Added Pin To Net: NetName=GND Pin=J4-2
Added Pin To Net: NetName=GND Pin=J4-3
Added Pin To Net: NetName=GND Pin=J4-4
Added Pin To Net: NetName=GND Pin=J4-5
Added Pin To Net: NetName=GND Pin=J4-6
Added Pin To Net: NetName=GND Pin=J4-7
Added Pin To Net: NetName=GND Pin=J4-8
Added Pin To Net: NetName=GND Pin=J5-1
Added Pin To Net: NetName=GND Pin=J5-2
Added Pin To Net: NetName=GND Pin=J5-3
Added Pin To Net: NetName=GND Pin=J5-4
Added Pin To Net: NetName=GND Pin=J5-5
Added Pin To Net: NetName=GND Pin=J5-6
Added Pin To Net: NetName=GND Pin=J5-7
Added Pin To Net: NetName=GND Pin=J5-8
Added Pin To Net: NetName=GND Pin=J5-9
Added Pin To Net: NetName=GND Pin=J5-10
Added Pin To Net: NetName=+5v Pin=J6-2
Added Pin To Net: NetName=Reset Pin=J6-3
Added Pin To Net: NetName=+3v3 Pin=J6-4
Added Pin To Net: NetName=+5v Pin=J6-5
Added Pin To Net: NetName=GND Pin=J6-6
Added Pin To Net: NetName=GND Pin=J6-7
Added Pin To Net: NetName=+5v Pin=J6-8
Added Pin To Net: NetName=NetJ7_1 Pin=J7-1
Added Pin To Net: NetName=NetJ7_2 Pin=J7-2
Added Pin To Net: NetName=SS Pin=J7-3
Added Pin To Net: NetName=MOSI Pin=J7-4
Added Pin To Net: NetName=MISO Pin=J7-5
Added Pin To Net: NetName=SCK Pin=J7-6
Added Pin To Net: NetName=GND Pin=J7-7
Added Pin To Net: NetName=AREF Pin=J7-8
Added Pin To Net: NetName=AD4/SDA Pin=J7-9
Added Pin To Net: NetName=AD5/SCL Pin=J7-10
Added Pin To Net: NetName=NetJ9_1 Pin=J9-1
Added Pin To Net: NetName=NetJ9_2 Pin=J9-2
Added Pin To Net: NetName=NetJ9_3 Pin=J9-3
Added Pin To Net: NetName=NetJ9_4 Pin=J9-4
Added Pin To Net: NetName=AD4/SDA Pin=J9-5
Added Pin To Net: NetName=AD5/SCL Pin=J9-6
Added Pin To Net: NetName=MISO Pin=J10-1
Added Pin To Net: NetName=SCK Pin=J10-2
Added Pin To Net: NetName=Reset Pin=J10-3
Added Pin To Net: NetName=+5v Pin=J10-4
Added Pin To Net: NetName=MOSI Pin=J10-5
Added Pin To Net: NetName=GND Pin=J10-6
Added Pin To Net: NetName=RXD_328P Pin=J?-1
Added Pin To Net: NetName=TXD_328P Pin=J?-2
Added Pin To Net: NetName=SW0_328P Pin=J?-5
Added Pin To Net: NetName=SW1_328P Pin=J?-6
Added Pin To Net: NetName=LED0_328P Pin=J?-7
Added Pin To Net: NetName=+5v Pin=LED1-1
Added Pin To Net: NetName=NetLED1_2 Pin=LED1-2
Added Pin To Net: NetName=+3v3 Pin=LED2-1
Added Pin To Net: NetName=NetLED2_2 Pin=LED2-2
Added Pin To Net: NetName=+5v Pin=LED3-1
Added Pin To Net: NetName=NetLED3_2 Pin=LED3-2
Added Pin To Net: NetName=+5v Pin=LED4-1
Added Pin To Net: NetName=NetLED4_2 Pin=LED4-2
Added Pin To Net: NetName=LED0_328P Pin=LED5-1
Added Pin To Net: NetName=NetLED5_2 Pin=LED5-2
Added Pin To Net: NetName=SCK Pin=LED6-1
Added Pin To Net: NetName=NetLED6_2 Pin=LED6-2
Added Pin To Net: NetName=NetP1_1 Pin=P1-1
Added Pin To Net: NetName=GND Pin=P1-2
Added Pin To Net: NetName=GND Pin=P1-3
Added Pin To Net: NetName=GND Pin=PS1-1
Added Pin To Net: NetName=NetC4_2 Pin=PS1-2
Added Pin To Net: NetName=+5v Pin=PS1-3
Added Pin To Net: NetName=NetC4_2 Pin=PS1-4
Added Pin To Net: NetName=NetJ1_1 Pin=R1-1
Added Pin To Net: NetName=+5v Pin=R1-2
Added Pin To Net: NetName=GND Pin=R2-1
Added Pin To Net: NetName=NetLED1_2 Pin=R2-2
Added Pin To Net: NetName=GND Pin=R3-1
Added Pin To Net: NetName=NetLED2_2 Pin=R3-2
Added Pin To Net: NetName=XTAL2_328P Pin=R4-1
Added Pin To Net: NetName=XTAL1_328P Pin=R4-2
Added Pin To Net: NetName=RXD_328P Pin=R5-1
Added Pin To Net: NetName=NetLED3_2 Pin=R5-2
Added Pin To Net: NetName=TXD_328P Pin=R6-1
Added Pin To Net: NetName=NetLED4_2 Pin=R6-2
Added Pin To Net: NetName=GND Pin=R7-1
Added Pin To Net: NetName=NetLED5_2 Pin=R7-2
Added Pin To Net: NetName=GND Pin=R8-1
Added Pin To Net: NetName=NetLED6_2 Pin=R8-2
Added Pin To Net: NetName=Reset Pin=R9-1
Added Pin To Net: NetName=+5v Pin=R9-2
Added Pin To Net: NetName=NetP1_1 Pin=SW1-1
Added Pin To Net: NetName=NetJ1_1 Pin=SW1-2
Added Pin To Net: NetName=NetJ2_1 Pin=SW1-3
Added Pin To Net: NetName=SW0_328P Pin=SW2-1
Added Pin To Net: NetName=SW0_328P Pin=SW2-2
Added Pin To Net: NetName=GND Pin=SW2-3
Added Pin To Net: NetName=GND Pin=SW2-4
Added Pin To Net: NetName=SW1_328P Pin=SW3-1
Added Pin To Net: NetName=SW1_328P Pin=SW3-2
Added Pin To Net: NetName=GND Pin=SW3-3
Added Pin To Net: NetName=GND Pin=SW3-4
Added Pin To Net: NetName=Reset Pin=SW4-1
Added Pin To Net: NetName=Reset Pin=SW4-2
Added Pin To Net: NetName=GND Pin=SW4-3
Added Pin To Net: NetName=GND Pin=SW4-4
Added Pin To Net: NetName=NetC4_2 Pin=SW_1-1
Added Pin To Net: NetName=+3v3 Pin=SW_1-2
Added Pin To Net: NetName=+5v Pin=TP1-1
Added Pin To Net: NetName=GND Pin=TP1-2
Added Pin To Net: NetName=GND Pin=TP1-2
Added Pin To Net: NetName=GND Pin=TP1-2
Added Pin To Net: NetName=NetC4_2 Pin=TP2-1
Added Pin To Net: NetName=GND Pin=TP2-2
Added Pin To Net: NetName=GND Pin=TP2-2
Added Pin To Net: NetName=GND Pin=TP2-2
Added Pin To Net: NetName=GND Pin=U1-1
Added Pin To Net: NetName=RXD_328P Pin=U1-2
Added Pin To Net: NetName=TXD_328P Pin=U1-3
Added Pin To Net: NetName=NetC5_2 Pin=U1-4
Added Pin To Net: NetName=USB_D+ Pin=U1-5
Added Pin To Net: NetName=USB_D- Pin=U1-6
Added Pin To Net: NetName=XI_CH340G Pin=U1-7
Added Pin To Net: NetName=XO_CH340G Pin=U1-8
Added Pin To Net: NetName=NetC2_1 Pin=U1-13
Added Pin To Net: NetName=+5v Pin=U1-16
Added Pin To Net: NetName=SW0_328P Pin=U2-2
Added Pin To Net: NetName=GND Pin=U2-3
Added Pin To Net: NetName=+5v Pin=U2-4
Added Pin To Net: NetName=GND Pin=U2-5
Added Pin To Net: NetName=+5v Pin=U2-6
Added Pin To Net: NetName=XTAL1_328P Pin=U2-7
Added Pin To Net: NetName=XTAL2_328P Pin=U2-8
Added Pin To Net: NetName=SW1_328P Pin=U2-9
Added Pin To Net: NetName=LED0_328P Pin=U2-10
Added Pin To Net: NetName=NetJ7_1 Pin=U2-12
Added Pin To Net: NetName=NetJ7_2 Pin=U2-13
Added Pin To Net: NetName=SS Pin=U2-14
Added Pin To Net: NetName=MOSI Pin=U2-15
Added Pin To Net: NetName=MISO Pin=U2-16
Added Pin To Net: NetName=SCK Pin=U2-17
Added Pin To Net: NetName=NetC9_2 Pin=U2-18
Added Pin To Net: NetName=AREF Pin=U2-20
Added Pin To Net: NetName=GND Pin=U2-21
Added Pin To Net: NetName=NetJ9_1 Pin=U2-23
Added Pin To Net: NetName=NetJ9_2 Pin=U2-24
Added Pin To Net: NetName=NetJ9_3 Pin=U2-25
Added Pin To Net: NetName=NetJ9_4 Pin=U2-26
Added Pin To Net: NetName=AD4/SDA Pin=U2-27
Added Pin To Net: NetName=AD5/SCL Pin=U2-28
Added Pin To Net: NetName=Reset Pin=U2-29
Added Pin To Net: NetName=RXD_328P Pin=U2-30
Added Pin To Net: NetName=TXD_328P Pin=U2-31
Added Pin To Net: NetName=XI_CH340G Pin=Y1-1
Added Pin To Net: NetName=GND Pin=Y1-2
Added Pin To Net: NetName=XO_CH340G Pin=Y1-3
Added Pin To Net: NetName=GND Pin=Y1-4
Added Pin To Net: NetName=XTAL2_328P Pin=Y2-1
Added Pin To Net: NetName=GND Pin=Y2-2
Added Pin To Net: NetName=XTAL1_328P Pin=Y2-3
Added Pin To Net: NetName=GND Pin=Y2-4
Added Pin To Net: NetName=NetJ?_3 Pin=J?-3
Added Pin To Net: NetName=NetJ?_3 Pin=U2-32
Added Net: Name=NetJ?_3
Added Pin To Net: NetName=NetJ?_4 Pin=J?-4
Added Pin To Net: NetName=NetJ?_4 Pin=U2-1
Added Net: Name=NetJ?_4
Added Pin To Net: NetName=NetJ?_8 Pin=J?-8
Added Pin To Net: NetName=NetJ?_8 Pin=U2-11
Added Net: Name=NetJ?_8
Added Member To Class: ClassName=golden_arduino Member=Component C1 22uF
Added Member To Class: ClassName=golden_arduino Member=Component C2 22pF
Added Member To Class: ClassName=golden_arduino Member=Component C3 22uF
Added Member To Class: ClassName=golden_arduino Member=Component C4 22uF
Added Member To Class: ClassName=golden_arduino Member=Component C5 22uF
Added Member To Class: ClassName=golden_arduino Member=Component C6 22pF
Added Member To Class: ClassName=golden_arduino Member=Component C7 22pF
Added Member To Class: ClassName=golden_arduino Member=Component C8 22uF
Added Member To Class: ClassName=golden_arduino Member=Component C9 10uF
Added Member To Class: ClassName=golden_arduino Member=Component C10 22uF
Added Member To Class: ClassName=golden_arduino Member=Component C11 22pF
Added Member To Class: ClassName=golden_arduino Member=Component C12 22pF
Added Member To Class: ClassName=golden_arduino Member=Component C13 1uF
Added Member To Class: ClassName=golden_arduino Member=Component D1 SRV05-4-P-T7
Added Member To Class: ClassName=golden_arduino Member=Component FB1 FB_10uH_0603
Added Member To Class: ClassName=golden_arduino Member=Component J1 J_2_PIN_HEADER
Added Member To Class: ClassName=golden_arduino Member=Component J2 USB Mini
Added Member To Class: ClassName=golden_arduino Member=Component J3 PPTC061LFBN-RC
Added Member To Class: ClassName=golden_arduino Member=Component J4 PPTC081LFBN-RC
Added Member To Class: ClassName=golden_arduino Member=Component J5 PPTC101LFBN-RC
Added Member To Class: ClassName=golden_arduino Member=Component J6 PPTC081LFBN-RC
Added Member To Class: ClassName=golden_arduino Member=Component J7 PPTC101LFBN-RC
Added Member To Class: ClassName=golden_arduino Member=Component J9 PPTC061LFBN-RC
Added Member To Class: ClassName=golden_arduino Member=Component J10 NRPN032PAEN-RC
Added Member To Class: ClassName=golden_arduino Member=Component J? PPTC081LFBN-RC
Added Member To Class: ClassName=golden_arduino Member=Component LED1 KT-0603R
Added Member To Class: ClassName=golden_arduino Member=Component LED2 KT-0603R
Added Member To Class: ClassName=golden_arduino Member=Component LED3 KT-0603R
Added Member To Class: ClassName=golden_arduino Member=Component LED4 KT-0603R
Added Member To Class: ClassName=golden_arduino Member=Component LED5 KT-0603R
Added Member To Class: ClassName=golden_arduino Member=Component LED6 KT-0603R
Added Member To Class: ClassName=golden_arduino Member=Component P1 Power Jack
Added Member To Class: ClassName=golden_arduino Member=Component PS1 AMS1117-3.3
Added Member To Class: ClassName=golden_arduino Member=Component R1 500m
Added Member To Class: ClassName=golden_arduino Member=Component R2 1k
Added Member To Class: ClassName=golden_arduino Member=Component R3 1k
Added Member To Class: ClassName=golden_arduino Member=Component R4 1M
Added Member To Class: ClassName=golden_arduino Member=Component R5 1k
Added Member To Class: ClassName=golden_arduino Member=Component R6 1k
Added Member To Class: ClassName=golden_arduino Member=Component R7 1k
Added Member To Class: ClassName=golden_arduino Member=Component R8 1k
Added Member To Class: ClassName=golden_arduino Member=Component R9 10k
Added Member To Class: ClassName=golden_arduino Member=Component SW1 PREC003SAAN-RC
Added Member To Class: ClassName=golden_arduino Member=Component SW2 TL3305AF160QG
Added Member To Class: ClassName=golden_arduino Member=Component SW3 TL3305AF160QG
Added Member To Class: ClassName=golden_arduino Member=Component SW4 TL3305AF160QG
Added Member To Class: ClassName=golden_arduino Member=Component SW_1 SW_2Pin_100mil_Switch
Added Member To Class: ClassName=golden_arduino Member=Component TP1 TP_5V
Added Member To Class: ClassName=golden_arduino Member=Component TP2 TP_3v3
Added Member To Class: ClassName=golden_arduino Member=Component U1 CH340G
Added Member To Class: ClassName=golden_arduino Member=Component U2 ATMEGA328P-ANR
Added Member To Class: ClassName=golden_arduino Member=Component Y1 X322512MSB4SI
Added Member To Class: ClassName=golden_arduino Member=Component Y2 X322516MLB4SI
