Added Component: Designator=C14(0402_Passive_Capacitor)
Add component (AddParameter): Name = "Datasheet"; Value = "https://datasheet.lcsc.com/szlcsc/Samsung-Electro-Mechanics-CL05A105KA5NQNC_C52923.pdf"; VariantName = "[No Variations]"
Add component (AddParameter): Name = "LCSC Part#"; Value = "C52923"; VariantName = "[No Variations]"
Add component (AddParameter): Name = "MFR Part #"; Value = "CL05A105KA5NQNC"; VariantName = "[No Variations]"
Add component (AddParameter): Name = "Type"; Value = "Basic"; VariantName = "[No Variations]"
Add component (AddParameter): Name = "Value"; Value = "1uF"; VariantName = "[No Variations]"
Added Component: Designator=C15(0402_Passive_Capacitor)
Add component (AddParameter): Name = "Datasheet"; Value = "https://datasheet.lcsc.com/szlcsc/Samsung-Electro-Mechanics-CL05A105KA5NQNC_C52923.pdf"; VariantName = "[No Variations]"
Add component (AddParameter): Name = "LCSC Part#"; Value = "C52923"; VariantName = "[No Variations]"
Add component (AddParameter): Name = "MFR Part #"; Value = "CL05A105KA5NQNC"; VariantName = "[No Variations]"
Add component (AddParameter): Name = "Type"; Value = "Basic"; VariantName = "[No Variations]"
Add component (AddParameter): Name = "Value"; Value = "1uF"; VariantName = "[No Variations]"
Added Pin To Net: NetName=GND Pin=C14-1
Added Pin To Net: NetName=SW0_328P Pin=C14-2
Added Pin To Net: NetName=GND Pin=C15-1
Added Pin To Net: NetName=SW1_328P Pin=C15-2
Added Member To Class: ClassName=golden_arduino Member=Component C14 1uF
Added Member To Class: ClassName=golden_arduino Member=Component C15 1uF
Added Member To Class: ClassName=golden_arduino Member=Component R5 1k
Added Member To Class: ClassName=golden_arduino Member=Component R6 1k
Added Room: Name=golden_arduino
