Added Member To Class: ClassName=golden_arduino Member=Component C1 22uF
Added Member To Class: ClassName=golden_arduino Member=Component C2 22pF
Added Member To Class: ClassName=golden_arduino Member=Component C4 22uF
Added Member To Class: ClassName=golden_arduino Member=Component C5 22uF
Added Member To Class: ClassName=golden_arduino Member=Component C6 22pF
Added Member To Class: ClassName=golden_arduino Member=Component C7 22pF
Added Member To Class: ClassName=golden_arduino Member=Component C8 22uF
Added Member To Class: ClassName=golden_arduino Member=Component C9 10uF
Added Member To Class: ClassName=golden_arduino Member=Component C10 22uF
Added Member To Class: ClassName=golden_arduino Member=Component C11 22pF
Added Member To Class: ClassName=golden_arduino Member=Component C12 22pF
Added Member To Class: ClassName=golden_arduino Member=Component C13 1uF
Added Member To Class: ClassName=golden_arduino Member=Component D1 SRV05-4-P-T7
Added Member To Class: ClassName=golden_arduino Member=Component FB1 FB_10uH_0603
Added Member To Class: ClassName=golden_arduino Member=Component J1 J_2_PIN_HEADER
Added Member To Class: ClassName=golden_arduino Member=Component J2 USB Mini
Added Member To Class: ClassName=golden_arduino Member=Component J3 PPTC061LFBN-RC
Added Member To Class: ClassName=golden_arduino Member=Component J5 PPTC101LFBN-RC
Added Member To Class: ClassName=golden_arduino Member=Component J8 PPTC101LFBN-RC
Added Member To Class: ClassName=golden_arduino Member=Component J10 PPTC061LFBN-RC
Added Member To Class: ClassName=golden_arduino Member=Component J11 NRPN032PAEN-RC
Added Member To Class: ClassName=golden_arduino Member=Component LED1 KT-0603R
Added Member To Class: ClassName=golden_arduino Member=Component LED2 KT-0603R
Added Member To Class: ClassName=golden_arduino Member=Component LED3 KT-0603R
Added Member To Class: ClassName=golden_arduino Member=Component LED4 KT-0603R
Added Member To Class: ClassName=golden_arduino Member=Component LED5 KT-0603R
Added Member To Class: ClassName=golden_arduino Member=Component LED6 KT-0603R
Added Member To Class: ClassName=golden_arduino Member=Component P1 Power Jack
Added Member To Class: ClassName=golden_arduino Member=Component PS1 AMS1117-3.3
Added Member To Class: ClassName=golden_arduino Member=Component R1 500m
Added Member To Class: ClassName=golden_arduino Member=Component R2 1k
Added Member To Class: ClassName=golden_arduino Member=Component R3 1k
Added Member To Class: ClassName=golden_arduino Member=Component R4 1M
Added Member To Class: ClassName=golden_arduino Member=Component R5 1k
Added Member To Class: ClassName=golden_arduino Member=Component R6 1k
Added Member To Class: ClassName=golden_arduino Member=Component R7 1k
Added Member To Class: ClassName=golden_arduino Member=Component R8 1k
Added Member To Class: ClassName=golden_arduino Member=Component SW1 PREC003SAAN-RC
Added Member To Class: ClassName=golden_arduino Member=Component SW2 TL3305AF160QG
Added Member To Class: ClassName=golden_arduino Member=Component SW3 TL3305AF160QG
Added Member To Class: ClassName=golden_arduino Member=Component SW4 TL3305AF160QG
Added Member To Class: ClassName=golden_arduino Member=Component SW_1 SW_2Pin_100mil_Switch
Added Member To Class: ClassName=golden_arduino Member=Component TP1 TP_5V
Added Member To Class: ClassName=golden_arduino Member=Component TP2 TP_3v3
Added Member To Class: ClassName=golden_arduino Member=Component TP3 OSC16
Added Member To Class: ClassName=golden_arduino Member=Component U1 CH340G
Added Member To Class: ClassName=golden_arduino Member=Component U2 ATMEGA328P-ANR
Added Member To Class: ClassName=golden_arduino Member=Component Y1 X322512MSB4SI
Added Member To Class: ClassName=golden_arduino Member=Component Y2 X322516MLB4SI
