Change Component Designator: OldDesignator=J6 NewDesignator=J7
Change Component Designator: OldDesignator=J7 NewDesignator=J8
Change Component Designator: OldDesignator=J9 NewDesignator=J10
Change Component Designator: OldDesignator=J10 NewDesignator=J11
Change Component Designator: OldDesignator=J? NewDesignator=J9
Added Component: Designator=J6(8_PIN_ARDUINO_100MIL)
Add component (AddParameter): Name = "Digikey Link"; Value = "https://www.digikey.com/product-detail/en/PPTC081LFBN-RC/S7006-ND/810147/?itemSeq=304982354"; VariantName = "[No Variations]"
Add component (AddParameter): Name = "Digikey Part"; Value = "S7006-ND"; VariantName = "[No Variations]"
Add component (AddParameter): Name = "LCSC Part#"; Value = "C27438"; VariantName = "[No Variations]"
Add component (AddParameter): Name = "Type"; Value = "Extended"; VariantName = "[No Variations]"
Add component (AddParameter): Name = "Value"; Value = "Female"; VariantName = "[No Variations]"
Added Pin To Net: NetName=GND Pin=J6-1
Added Pin To Net: NetName=GND Pin=J6-2
Added Pin To Net: NetName=GND Pin=J6-3
Added Pin To Net: NetName=GND Pin=J6-4
Added Pin To Net: NetName=GND Pin=J6-5
Added Pin To Net: NetName=GND Pin=J6-6
Added Pin To Net: NetName=GND Pin=J6-7
Added Pin To Net: NetName=GND Pin=J6-8
Change Net Name : Old Net Name=NetJ7_1 New Net Name=NetJ8_1
Change Net Name : Old Net Name=NetJ7_2 New Net Name=NetJ8_2
Change Net Name : Old Net Name=NetJ9_1 New Net Name=NetJ10_1
Change Net Name : Old Net Name=NetJ9_2 New Net Name=NetJ10_2
Change Net Name : Old Net Name=NetJ9_3 New Net Name=NetJ10_3
Change Net Name : Old Net Name=NetJ9_4 New Net Name=NetJ10_4
Change Net Name : Old Net Name=NetJ?_3 New Net Name=NetJ9_3
Change Net Name : Old Net Name=NetJ?_4 New Net Name=NetJ9_4
Change Net Name : Old Net Name=NetJ?_8 New Net Name=NetJ9_8
Added Member To Class: ClassName=golden_arduino Member=Component J8 PPTC101LFBN-RC
Added Member To Class: ClassName=golden_arduino Member=Component J11 NRPN032PAEN-RC
